Using pre-set license
Built from '2021.1/staging' branch; Version is '2021.1.20f1 (be552157821d) revision 12473633'; Using compiler version '192528614'; Build Type 'Release'
OS: 'Windows 10 Home; OS build 19044.1706; Version 2009; 64bit' Language: 'en' Physical Memory: 32717 MB
BatchMode: 1, IsHumanControllingUs: 0, StartBugReporterOnCrash: 0, Is64bit: 1, IsPro: 0

COMMAND LINE ARGUMENTS:
C:\Program Files\Unity\Hub\Editor\2021.1.20f1\Editor\Unity.exe
-adb2
-batchMode
-noUpm
-name
AssetImportWorker0
-projectPath
C:/GameDev/2022TOJam/ayia/2022TOJam
-logFile
Logs/AssetImportWorker0.log
-srvPort
63420
Successfully changed project path to: C:/GameDev/2022TOJam/ayia/2022TOJam
C:/GameDev/2022TOJam/ayia/2022TOJam
Using Asset Import Pipeline V2.
Refreshing native plugins compatible for Editor in 91.23 ms, found 3 plugins.
Preloading 0 native plugins for Editor in 0.00 ms.
Initialize engine version: 2021.1.20f1 (be552157821d)
[Subsystems] Discovering subsystems at path C:/Program Files/Unity/Hub/Editor/2021.1.20f1/Editor/Data/Resources/UnitySubsystems
[Subsystems] Discovering subsystems at path C:/GameDev/2022TOJam/ayia/2022TOJam/Assets
GfxDevice: creating device client; threaded=0; jobified=0
Direct3D:
    Version:  Direct3D 11.0 [level 11.1]
    Renderer: NVIDIA GeForce GTX 1660 Ti (ID=0x2182)
    Vendor:   NVIDIA
    VRAM:     5991 MB
    Driver:   30.0.14.9729
Initialize mono
Mono path[0] = 'C:/Program Files/Unity/Hub/Editor/2021.1.20f1/Editor/Data/Managed'
Mono path[1] = 'C:/Program Files/Unity/Hub/Editor/2021.1.20f1/Editor/Data/MonoBleedingEdge/lib/mono/unityjit'
Mono config path = 'C:/Program Files/Unity/Hub/Editor/2021.1.20f1/Editor/Data/MonoBleedingEdge/etc'
Using monoOptions --debugger-agent=transport=dt_socket,embedding=1,server=y,suspend=n,address=127.0.0.1:56712
Begin MonoManager ReloadAssembly
Registering precompiled unity dll's ...
Register platform support module: C:/Program Files/Unity/Hub/Editor/2021.1.20f1/Editor/Data/PlaybackEngines/WindowsStandaloneSupport/UnityEditor.WindowsStandalone.Extensions.dll
Registered in 0.002206 seconds.
Native extension for WindowsStandalone target not found
Refreshing native plugins compatible for Editor in 95.16 ms, found 3 plugins.
Preloading 0 native plugins for Editor in 0.00 ms.
Mono: successfully reloaded assembly
- Completed reload, in  1.304 seconds
Domain Reload Profiling:
	ReloadAssembly (1305ms)
		BeginReloadAssembly (62ms)
			ExecutionOrderSort (0ms)
			DisableScriptedObjects (0ms)
			BackupInstance (0ms)
			ReleaseScriptingObjects (0ms)
			CreateAndSetChildDomain (1ms)
		EndReloadAssembly (452ms)
			LoadAssemblies (60ms)
			RebuildTransferFunctionScriptingTraits (0ms)
			SetupTypeCache (155ms)
			ReleaseScriptCaches (0ms)
			RebuildScriptCaches (26ms)
			SetupLoadedEditorAssemblies (224ms)
				LogAssemblyErrors (0ms)
				InitializePlatformSupportModulesInManaged (6ms)
				SetLoadedEditorAssemblies (0ms)
				RefreshPlugins (95ms)
				BeforeProcessingInitializeOnLoad (1ms)
				ProcessInitializeOnLoadAttributes (93ms)
				ProcessInitializeOnLoadMethodAttributes (29ms)
				AfterProcessingInitializeOnLoad (0ms)
				EditorAssembliesLoaded (0ms)
			ExecutionOrderSort2 (0ms)
			AwakeInstancesAfterBackupRestoration (0ms)
Platform modules already initialized, skipping
Registering precompiled user dll's ...
Registered in 0.005359 seconds.
Begin MonoManager ReloadAssembly
Symbol file LoadedFromMemory doesn't match image C:\GameDev\2022TOJam\ayia\2022TOJam\Library\PackageCache\com.unity.visualscripting@1.6.1\Editor\VisualScripting.Core\Dependencies\YamlDotNet\Unity.VisualScripting.YamlDotNet.dll
Symbol file LoadedFromMemory doesn't match image C:\GameDev\2022TOJam\ayia\2022TOJam\Library\PackageCache\com.unity.visualscripting@1.6.1\Editor\VisualScripting.Core\Dependencies\DotNetZip\Unity.VisualScripting.IonicZip.dll
Native extension for WindowsStandalone target not found
Refreshing native plugins compatible for Editor in 0.74 ms, found 3 plugins.
Preloading 0 native plugins for Editor in 0.00 ms.
Mono: successfully reloaded assembly
- Completed reload, in  1.139 seconds
Domain Reload Profiling:
	ReloadAssembly (1139ms)
		BeginReloadAssembly (156ms)
			ExecutionOrderSort (0ms)
			DisableScriptedObjects (4ms)
			BackupInstance (0ms)
			ReleaseScriptingObjects (0ms)
			CreateAndSetChildDomain (22ms)
		EndReloadAssembly (909ms)
			LoadAssemblies (114ms)
			RebuildTransferFunctionScriptingTraits (0ms)
			SetupTypeCache (351ms)
			ReleaseScriptCaches (1ms)
			RebuildScriptCaches (47ms)
			SetupLoadedEditorAssemblies (309ms)
				LogAssemblyErrors (0ms)
				InitializePlatformSupportModulesInManaged (4ms)
				SetLoadedEditorAssemblies (0ms)
				RefreshPlugins (1ms)
				BeforeProcessingInitializeOnLoad (76ms)
				ProcessInitializeOnLoadAttributes (213ms)
				ProcessInitializeOnLoadMethodAttributes (5ms)
				AfterProcessingInitializeOnLoad (9ms)
				EditorAssembliesLoaded (1ms)
			ExecutionOrderSort2 (0ms)
			AwakeInstancesAfterBackupRestoration (8ms)
Platform modules already initialized, skipping
========================================================================
Worker process is ready to serve import requests
Launched and connected shader compiler UnityShaderCompiler.exe after 0.06 seconds
Refreshing native plugins compatible for Editor in 0.84 ms, found 3 plugins.
Preloading 0 native plugins for Editor in 0.00 ms.
Unloading 2992 Unused Serialized files (Serialized files now loaded: 0)
System memory in use before: 107.2 MB.
System memory in use after: 107.4 MB.

Unloading 21 unused Assets to reduce memory usage. Loaded Objects now: 3437.
Total: 3.454800 ms (FindLiveObjects: 0.420400 ms CreateObjectMapping: 0.181000 ms MarkObjects: 2.770200 ms  DeleteObjects: 0.082100 ms)

AssetImportParameters requested are different than current active one (requested -> active):
  custom:framework-win-MediaFoundation: 216162199b28c13a410421893ffa2e32 -> 
  custom:video-decoder-ogg-theora: a1e56fd34408186e4bbccfd4996cb3dc -> 
  custom:container-muxer-webm: aa71ff27fc2769a1b78a27578f13a17b -> 
  custom:container-demuxer-webm: 4f35f7cbe854078d1ac9338744f61a02 -> 
  custom:container-demuxer-ogg: 62fdf1f143b41e24485cea50d1cbac27 -> 
  custom:video-encoder-webm-vp8: eb34c28f22e8b96e1ab97ce403110664 -> 
  custom:video-codec-MediaFoundation-h265: 746d11721c4dcdbdad8f713fa42b33f4 -> 
  custom:video-decoder-webm-vp8: 9c59270c3fd7afecdb556c50c9e8de78 -> 
  custom:audio-decoder-ogg-vorbis: bf7c407c2cedff20999df2af8eb42d56 -> 
  custom:audio-encoder-webm-vorbis: bf7c407c2cedff20999df2af8eb42d56 -> 
========================================================================
Received Import Request.
  path: Assets/Scenes/GameOver.unity
  artifactKey: Guid(c98a9154f41639b4da9918cf4f18f4ac) Importer(815301076,1909f56bfc062723c751e8b465ee728b)
Start importing Assets/Scenes/GameOver.unity using Guid(c98a9154f41639b4da9918cf4f18f4ac) Importer(815301076,1909f56bfc062723c751e8b465ee728b)  -> (artifact id: 'c9b36af4f57928adbfcc727cc8f832f4') in 0.017279 seconds 
========================================================================
Received Import Request.
  Time since last request: 4.059327 seconds.
  path: Assets/Scenes/YouWin.unity
  artifactKey: Guid(caaed3d6fcf1b094fb26465207130169) Importer(815301076,1909f56bfc062723c751e8b465ee728b)
Start importing Assets/Scenes/YouWin.unity using Guid(caaed3d6fcf1b094fb26465207130169) Importer(815301076,1909f56bfc062723c751e8b465ee728b)  -> (artifact id: 'ba9d228790d63fa5307f6bc8760f266d') in 0.007549 seconds 
========================================================================
Received Import Request.
  Time since last request: 31.981945 seconds.
  path: Assets/Scenes/Level1.unity
  artifactKey: Guid(42824e63a6b4c0943b9f4a506b92340a) Importer(815301076,1909f56bfc062723c751e8b465ee728b)
Start importing Assets/Scenes/Level1.unity using Guid(42824e63a6b4c0943b9f4a506b92340a) Importer(815301076,1909f56bfc062723c751e8b465ee728b)  -> (artifact id: '6e41abb92e7000a474fd4482e54a7a2e') in 0.004117 seconds 
========================================================================
Received Import Request.
  Time since last request: 5.628270 seconds.
  path: Assets/Scenes/GameOver.unity
  artifactKey: Guid(c98a9154f41639b4da9918cf4f18f4ac) Importer(815301076,1909f56bfc062723c751e8b465ee728b)
Start importing Assets/Scenes/GameOver.unity using Guid(c98a9154f41639b4da9918cf4f18f4ac) Importer(815301076,1909f56bfc062723c751e8b465ee728b)  -> (artifact id: '822752a8a6421dbfe57d296c8274014b') in 0.002494 seconds 
========================================================================
Received Import Request.
  Time since last request: 51.560146 seconds.
  path: Assets/Scenes/GameOver.unity
  artifactKey: Guid(c98a9154f41639b4da9918cf4f18f4ac) Importer(815301076,1909f56bfc062723c751e8b465ee728b)
Start importing Assets/Scenes/GameOver.unity using Guid(c98a9154f41639b4da9918cf4f18f4ac) Importer(815301076,1909f56bfc062723c751e8b465ee728b)  -> (artifact id: 'cc63b4b43f217518f73ffd73206fb5af') in 0.002820 seconds 
========================================================================
Received Import Request.
  Time since last request: 20.177405 seconds.
  path: Assets/Scenes/Level1 1.unity
  artifactKey: Guid(72063b65c33296c49831459c0086f43e) Importer(815301076,1909f56bfc062723c751e8b465ee728b)
Start importing Assets/Scenes/Level1 1.unity using Guid(72063b65c33296c49831459c0086f43e) Importer(815301076,1909f56bfc062723c751e8b465ee728b)  -> (artifact id: '1f5d952de2415c9cfc99503b1955f91c') in 0.006622 seconds 
========================================================================
Received Import Request.
  Time since last request: 7.403526 seconds.
  path: Assets/Scenes/GameOver.unity
  artifactKey: Guid(72063b65c33296c49831459c0086f43e) Importer(815301076,1909f56bfc062723c751e8b465ee728b)
Start importing Assets/Scenes/GameOver.unity using Guid(72063b65c33296c49831459c0086f43e) Importer(815301076,1909f56bfc062723c751e8b465ee728b)  -> (artifact id: '53ff384f466d67835b458d7147e832a1') in 0.002478 seconds 
========================================================================
Received Import Request.
  Time since last request: 17.412131 seconds.
  path: Assets/Scenes/Level1 1.unity
  artifactKey: Guid(0e809dbf328e9b04bb222493c4af01f0) Importer(815301076,1909f56bfc062723c751e8b465ee728b)
Start importing Assets/Scenes/Level1 1.unity using Guid(0e809dbf328e9b04bb222493c4af01f0) Importer(815301076,1909f56bfc062723c751e8b465ee728b)  -> (artifact id: '60ca8430929827cdd3d18c41428bb240') in 0.002421 seconds 
========================================================================
Received Import Request.
  Time since last request: 6.919469 seconds.
  path: Assets/Scenes/GameOver.unity
  artifactKey: Guid(0e809dbf328e9b04bb222493c4af01f0) Importer(815301076,1909f56bfc062723c751e8b465ee728b)
Start importing Assets/Scenes/GameOver.unity using Guid(0e809dbf328e9b04bb222493c4af01f0) Importer(815301076,1909f56bfc062723c751e8b465ee728b)  -> (artifact id: '5a2db19de63ec28b10c3278ed7efebc5') in 0.002674 seconds 
AssetImportWorkerClient::OnTransportError - code=2 error=End of file
